
Request: GET /customers at Tue Apr 18 2023 12:01:52 GMT-0400, IP: ::1, User Agent: PostmanRuntime/7.31.3
Response: 404 7.036 ms 

Request: GET /api/customers at Tue Apr 18 2023 12:02:00 GMT-0400, IP: ::1, User Agent: PostmanRuntime/7.31.3
Response Body:
<!DOCTYPE html>
<html>

<head>
    <meta charset="utf-8">
    <title>Customers</title>
    <link rel="stylesheet" type="text/css" href="/css/styles.css">
</head>

<body>
    <!-- Navigation bar -->

    <nav>
		<a class="active" href="https://localhost:3000/api/logout">Logout</a>
        <a class="active" href="https://localhost:3000/api/customers/addCustomerForm">Add New Customer</a>
		<a class="active" href="https://localhost:3000/api/loans">View Loans</a>
		<a class="active" href="https://localhost:3000/api/loans/addLoanForm">Add New Loan</a>
		<a class="active" href="https://localhost:3000/api/loansLedger">View Loans Ledger</a>
		<a class="active" href="https://localhost:3000/api/home">Home</a>
	</nav>

    <h1>Customers</h1>
    <table>
        <thead>
            <tr>
                <th>Customer ID</th>
                <th>Customer Name</th>
                <th>User Name</th>
                <th>Date of Birth</th>
                <th>Gender</th>
   
Response: 200 117.451 ms 

Request: GET /api/loans at Tue Apr 18 2023 12:07:09 GMT-0400, IP: ::1, User Agent: PostmanRuntime/7.31.3
Response Body:
<!DOCTYPE html>
<html>

<head>
    <meta charset="utf-8">
    <title>Customer Loans</title>
    <link rel="stylesheet" type="text/css" href="/css/styles.css">
</head>

<body>
    <!-- Navigation bar -->

	<nav>
		<a class="active" href="https://localhost:3000/api/logout">Logout</a>
        <a class="active" href="https://localhost:3000/api/customers">View Customers</a>
        <a class="active" href="https://localhost:3000/api/customers/addCustomerForm">Add New Customer</a>
		<a class="active" href="https://localhost:3000/api/loans/addLoanForm">Add New Loan</a>
        <a class="active" href="https://localhost:3000/api/loansLedger">View Loans Ledger</a>
		<a class="active" href="https://localhost:3000/api/home">Home</a>
	</nav>

    <h1>Customer Loans</h1>
    <table>
        <thead>
            <tr>
                <th>Customer ID</th>
                <th>Loan Type</th>
                <th>Loan Number</th>
                <th>Loan Amount</th>
             
Response: 200 100.225 ms 

Request: GET /api/customers at Tue Apr 18 2023 12:07:22 GMT-0400, IP: ::1, User Agent: PostmanRuntime/7.31.3
Response Body:
<!DOCTYPE html>
<html>

<head>
    <meta charset="utf-8">
    <title>Customers</title>
    <link rel="stylesheet" type="text/css" href="/css/styles.css">
</head>

<body>
    <!-- Navigation bar -->

    <nav>
		<a class="active" href="https://localhost:3000/api/logout">Logout</a>
        <a class="active" href="https://localhost:3000/api/customers/addCustomerForm">Add New Customer</a>
		<a class="active" href="https://localhost:3000/api/loans">View Loans</a>
		<a class="active" href="https://localhost:3000/api/loans/addLoanForm">Add New Loan</a>
		<a class="active" href="https://localhost:3000/api/loansLedger">View Loans Ledger</a>
		<a class="active" href="https://localhost:3000/api/home">Home</a>
	</nav>

    <h1>Customers</h1>
    <table>
        <thead>
            <tr>
                <th>Customer ID</th>
                <th>Customer Name</th>
                <th>User Name</th>
                <th>Date of Birth</th>
                <th>Gender</th>
   
Response: 200 43.035 ms 

Request: GET /api/loans at Tue Apr 18 2023 12:07:45 GMT-0400, IP: ::1, User Agent: PostmanRuntime/7.31.3
Response Body:
<!DOCTYPE html>
<html>

<head>
    <meta charset="utf-8">
    <title>Customer Loans</title>
    <link rel="stylesheet" type="text/css" href="/css/styles.css">
</head>

<body>
    <!-- Navigation bar -->

	<nav>
		<a class="active" href="https://localhost:3000/api/logout">Logout</a>
        <a class="active" href="https://localhost:3000/api/customers">View Customers</a>
        <a class="active" href="https://localhost:3000/api/customers/addCustomerForm">Add New Customer</a>
		<a class="active" href="https://localhost:3000/api/loans/addLoanForm">Add New Loan</a>
        <a class="active" href="https://localhost:3000/api/loansLedger">View Loans Ledger</a>
		<a class="active" href="https://localhost:3000/api/home">Home</a>
	</nav>

    <h1>Customer Loans</h1>
    <table>
        <thead>
            <tr>
                <th>Customer ID</th>
                <th>Loan Type</th>
                <th>Loan Number</th>
                <th>Loan Amount</th>
             
Response: 200 48.118 ms 

Request: GET /api/loansledger at Tue Apr 18 2023 12:10:05 GMT-0400, IP: ::1, User Agent: PostmanRuntime/7.31.3
Response Body:
<!DOCTYPE html>
<html>

<head>
    <meta charset="utf-8">
    <title>Loan Ledger</title>
    <link rel="stylesheet" type="text/css" href="/css/styles.css">
</head>

<body>
    <!-- Navigation bar -->

    <nav>
		<a class="active" href="https://localhost:3000/api/logout">Logout</a>
        <a class="active" href="https://localhost:3000/api/customers">View Customers</a>
        <a class="active" href="https://localhost:3000/api/customers/addCustomerForm">Add New Customer</a>
		<a class="active" href="https://localhost:3000/api/loans">View Loans</a>
		<a class="active" href="https://localhost:3000/api/loans/addLoanForm">Add New Loan</a>
       	<a class="active" href="https://localhost:3000/api/home">Home</a>
	</nav>

    <h1>Loan Ledger</h1>
    <table>
        <thead>
            <tr>
                <th>Customer ID</th>
                <th>Loan Number</th>
                <th>Payment Amount</th>
                <th>Interest</th>
                <th>Princip
Response: 200 56.376 ms 

Request: GET /api/signupForm at Tue Apr 18 2023 12:23:32 GMT-0400, IP: ::1, User Agent: Mozilla/5.0 (Windows NT 10.0; Win64; x64) AppleWebKit/537.36 (KHTML, like Gecko) Chrome/112.0.0.0 Safari/537.36
Response Body:
<!DOCTYPE html>
<html lang="en">

<head>
    <meta charset="UTF-8">
    <meta name="viewport" content="width=device-width, initial-scale=1.0">
    <meta http-equiv="X-UA-Compatible" content="ie=edge">
    <title>Sign-Up</title>
    <link rel="stylesheet" href="https://cdnjs.cloudflare.com/ajax/libs/font-awesome/6.4.0/css/all.min.css">
    <link rel="stylesheet" type="text/css" href="/css/styles.css">
</head>

<body>

    <!-- Navigation bar -->
    <nav>

        <a class="active" href="loginForm"><i class="fa-solid fa-sign-in"></i>Login</a>
        <a class="active" href="signupForm"><i class="fa-solid fa-pen-to-square"></i>Sign Up</a>
        <a class="active" href="about"><i class="fa-solid fa-file-pen"></i>About</a>
        <a class="active" href="home"><i class="fa-solid fa-house"></i>Home</a>

    </nav>
    <h1>Welcome to vpgajula first website!</h1>

    <main class="login-container">

        <h1>New Users, register here</h1>
        <form class="lo
Response: 200 9.441 ms 

Request: POST /api/signup at Tue Apr 18 2023 12:24:04 GMT-0400, IP: ::1, User Agent: Mozilla/5.0 (Windows NT 10.0; Win64; x64) AppleWebKit/537.36 (KHTML, like Gecko) Chrome/112.0.0.0 Safari/537.36
Request Body:
{
	"name": "testuser20",
	"email": "testuser20@test.com",
	"password": "test123",
	"confirmPassword": "test123"
}
Response Body:
<!DOCTYPE html>
<html lang="en">

<head>
    <meta charset="UTF-8">
    <meta name="viewport" content="width=device-width, initial-scale=1.0">
    <meta http-equiv="X-UA-Compatible" content="ie=edge">
    <link rel="stylesheet" href="https://cdnjs.cloudflare.com/ajax/libs/font-awesome/6.4.0/css/all.min.css">
    <link rel="stylesheet" type="text/css" href="/css/styles.css">
    <title>Login Page</title>
</head>

<body>

    <!-- Navigation bar -->
    <nav>
        <a class="active" href="loginForm"><i class="fa-solid fa-sign-in"></i>Login</a>
        <a class="active" href="signupForm"><i class="fa-solid fa-pen-to-square"></i>Sign Up</a>
        <a class="active" href="about"><i class="fa-solid fa-file-pen"></i>About</a>
        <a class="active" href="home"><i class="fa-solid fa-house"></i>Home</a>
    </nav>

    <h1>Welcome to vpgajula first website!</h1>

    <main class="login-container">
        <h1>Login</h1>

        <form class="login-form" action="
Response: 200 8.002 ms 

Request: GET /api/signupForm at Tue Apr 18 2023 12:25:26 GMT-0400, IP: ::1, User Agent: Mozilla/5.0 (Windows NT 10.0; Win64; x64) AppleWebKit/537.36 (KHTML, like Gecko) Chrome/112.0.0.0 Safari/537.36
Response Body:
<!DOCTYPE html>
<html lang="en">

<head>
    <meta charset="UTF-8">
    <meta name="viewport" content="width=device-width, initial-scale=1.0">
    <meta http-equiv="X-UA-Compatible" content="ie=edge">
    <title>Sign-Up</title>
    <link rel="stylesheet" href="https://cdnjs.cloudflare.com/ajax/libs/font-awesome/6.4.0/css/all.min.css">
    <link rel="stylesheet" type="text/css" href="/css/styles.css">
</head>

<body>

    <!-- Navigation bar -->
    <nav>

        <a class="active" href="loginForm"><i class="fa-solid fa-sign-in"></i>Login</a>
        <a class="active" href="signupForm"><i class="fa-solid fa-pen-to-square"></i>Sign Up</a>
        <a class="active" href="about"><i class="fa-solid fa-file-pen"></i>About</a>
        <a class="active" href="home"><i class="fa-solid fa-house"></i>Home</a>

    </nav>
    <h1>Welcome to vpgajula first website!</h1>

    <main class="login-container">

        <h1>New Users, register here</h1>
        <form class="lo
Response: 200 9.114 ms 

Request: POST /api/signup at Tue Apr 18 2023 12:25:43 GMT-0400, IP: ::1, User Agent: Mozilla/5.0 (Windows NT 10.0; Win64; x64) AppleWebKit/537.36 (KHTML, like Gecko) Chrome/112.0.0.0 Safari/537.36
Request Body:
{
	"name": "testuser21",
	"email": "testuser21@test.com",
	"password": "test123",
	"confirmPassword": "test123"
}
Response Body:
<!DOCTYPE html>
<html lang="en">

<head>
    <meta charset="UTF-8">
    <meta name="viewport" content="width=device-width, initial-scale=1.0">
    <meta http-equiv="X-UA-Compatible" content="ie=edge">
    <link rel="stylesheet" href="https://cdnjs.cloudflare.com/ajax/libs/font-awesome/6.4.0/css/all.min.css">
    <link rel="stylesheet" type="text/css" href="/css/styles.css">
    <title>Login Page</title>
</head>

<body>

    <!-- Navigation bar -->
    <nav>
        <a class="active" href="loginForm"><i class="fa-solid fa-sign-in"></i>Login</a>
        <a class="active" href="signupForm"><i class="fa-solid fa-pen-to-square"></i>Sign Up</a>
        <a class="active" href="about"><i class="fa-solid fa-file-pen"></i>About</a>
        <a class="active" href="home"><i class="fa-solid fa-house"></i>Home</a>
    </nav>

    <h1>Welcome to vpgajula first website!</h1>

    <main class="login-container">
        <h1>Login</h1>

        <form class="login-form" action="
Response: 200 6.839 ms 

Request: GET /api/login at Tue Apr 18 2023 12:29:36 GMT-0400, IP: ::1, User Agent: PostmanRuntime/7.31.3
Response: 404 1.079 ms 

Request: POST /api/login at Tue Apr 18 2023 12:29:44 GMT-0400, IP: ::1, User Agent: PostmanRuntime/7.31.3
Response: 404 0.583 ms 

Request: POST /api/loginForm at Tue Apr 18 2023 12:32:35 GMT-0400, IP: ::1, User Agent: Mozilla/5.0 (Windows NT 10.0; Win64; x64) AppleWebKit/537.36 (KHTML, like Gecko) Chrome/112.0.0.0 Safari/537.36
Request Body:
{
	"email": "testuser20@test.com",
	"password": "test123"
}
Response Body:
<!DOCTYPE html>
<html lang="en">

<head>
    <meta charset="UTF-8">
    <meta name="viewport" content="width=device-width, initial-scale=1.0">
    <meta http-equiv="X-UA-Compatible" content="ie=edge">
    <link rel="stylesheet" href="https://cdnjs.cloudflare.com/ajax/libs/font-awesome/6.4.0/css/all.min.css">
    <link rel="stylesheet" type="text/css" href="/css/styles.css">
    <title>Application Page</title>
</head>

<body>

    <!-- Navigation bar -->

    <nav>
        <a class="active" href="logout"><i class="fa-solid fa-right-from-bracket"></i>Logout</a>
        <a class="active" href="customers/addCustomerForm"><i class="fa-solid fa-user-plus"></i>Add New Customer</a>
        <a class="active" href="customers"><i class="fa-solid fa-users-viewfinder"></i>View Customers</a>
        <a class="active" href="loans/addLoanForm"><i class="fa-solid fa-hand-holding-dollar"></i>Add New Loan</a>
        <a class="active" href="loans"><i class="fa-solid fa-file-invoice-d
Response: 200 144.158 ms 

Request: GET /api/logout at Tue Apr 18 2023 18:30:37 GMT-0400, IP: ::1, User Agent: Mozilla/5.0 (Windows NT 10.0; Win64; x64) AppleWebKit/537.36 (KHTML, like Gecko) Chrome/112.0.0.0 Safari/537.36
Response Body:
<!DOCTYPE html>
<html lang="en">

<head>
    <meta charset="UTF-8">
    <meta name="viewport" content="width=device-width, initial-scale=1.0">
    <meta http-equiv="X-UA-Compatible" content="ie=edge">
    <link rel="stylesheet" href="https://cdnjs.cloudflare.com/ajax/libs/font-awesome/6.4.0/css/all.min.css">
    <link rel="stylesheet" type="text/css" href="/css/styles.css">
    <title>Home Page</title>
</head>

<body>

    <!-- Navigation bar -->
    <nav>
        <a class="active" href="loginForm"><i class="fa-solid fa-sign-in"></i>Login</a>
        <a class="active" href="signupForm"><i class="fa-solid fa-pen-to-square"></i>Sign Up</a>
        <a class="active" href="about"><i class="fa-solid fa-file-pen"></i>About</a>
        <a class="active" href="home"><i class="fa-solid fa-house"></i>Home</a>
    </nav>

    <h1>Welcome to vpgajula first website!</h1>
    
    <main>
        <div>
            <p>Node.js is a powerful and popular server-side JavaScript r
Response: 200 26.539 ms 

Request: GET /api/home at Tue Apr 18 2023 18:30:40 GMT-0400, IP: ::1, User Agent: Mozilla/5.0 (Windows NT 10.0; Win64; x64) AppleWebKit/537.36 (KHTML, like Gecko) Chrome/112.0.0.0 Safari/537.36
Response Body:
<!DOCTYPE html>
<html lang="en">

<head>
    <meta charset="UTF-8">
    <meta name="viewport" content="width=device-width, initial-scale=1.0">
    <meta http-equiv="X-UA-Compatible" content="ie=edge">
    <link rel="stylesheet" href="https://cdnjs.cloudflare.com/ajax/libs/font-awesome/6.4.0/css/all.min.css">
    <link rel="stylesheet" type="text/css" href="/css/styles.css">
    <title>Home Page</title>
</head>

<body>

    <!-- Navigation bar -->
    <nav>
        <a class="active" href="loginForm"><i class="fa-solid fa-sign-in"></i>Login</a>
        <a class="active" href="signupForm"><i class="fa-solid fa-pen-to-square"></i>Sign Up</a>
        <a class="active" href="about"><i class="fa-solid fa-file-pen"></i>About</a>
        <a class="active" href="home"><i class="fa-solid fa-house"></i>Home</a>
    </nav>

    <h1>Welcome to vpgajula first website!</h1>
    
    <main>
        <div>
            <p>Node.js is a powerful and popular server-side JavaScript r
Response: 200 3.308 ms 

Request: GET /api/about at Tue Apr 18 2023 18:30:48 GMT-0400, IP: ::1, User Agent: Mozilla/5.0 (Windows NT 10.0; Win64; x64) AppleWebKit/537.36 (KHTML, like Gecko) Chrome/112.0.0.0 Safari/537.36
Response Body:
<!DOCTYPE html>
<html lang="en">

<head>
    <meta charset="UTF-8">
    <meta name="viewport" content="width=device-width, initial-scale=1.0">
    <meta http-equiv="X-UA-Compatible" content="ie=edge">
    <link rel="stylesheet" href="https://cdnjs.cloudflare.com/ajax/libs/font-awesome/6.4.0/css/all.min.css">
    <link rel="stylesheet" type="text/css" href="/css/styles.css">
    <title>About Page</title>
</head>

<body>

    <!-- Navigation bar -->
    <nav>
        
        <a class="active" href="loginForm"><i class="fa-solid fa-sign-in"></i>Login</a>
        <a class="active" href="signupForm"><i class="fa-solid fa-pen-to-square"></i>Sign Up</a>
        <a class="active" href="about"><i class="fa-solid fa-file-pen"></i>About</a>
        <a class="active" href="home"><i class="fa-solid fa-house"></i>Home</a>

    </nav>

    <h1>Welcome to vpgajula first website!</h1>
    
    <main>
        <div>
            <p>This page is about the final project.</p>
  
Response: 200 2.917 ms 

Request: GET /api/signupForm at Tue Apr 18 2023 18:30:51 GMT-0400, IP: ::1, User Agent: Mozilla/5.0 (Windows NT 10.0; Win64; x64) AppleWebKit/537.36 (KHTML, like Gecko) Chrome/112.0.0.0 Safari/537.36
Response Body:
<!DOCTYPE html>
<html lang="en">

<head>
    <meta charset="UTF-8">
    <meta name="viewport" content="width=device-width, initial-scale=1.0">
    <meta http-equiv="X-UA-Compatible" content="ie=edge">
    <title>Sign-Up</title>
    <link rel="stylesheet" href="https://cdnjs.cloudflare.com/ajax/libs/font-awesome/6.4.0/css/all.min.css">
    <link rel="stylesheet" type="text/css" href="/css/styles.css">
</head>

<body>

    <!-- Navigation bar -->
    <nav>

        <a class="active" href="loginForm"><i class="fa-solid fa-sign-in"></i>Login</a>
        <a class="active" href="signupForm"><i class="fa-solid fa-pen-to-square"></i>Sign Up</a>
        <a class="active" href="about"><i class="fa-solid fa-file-pen"></i>About</a>
        <a class="active" href="home"><i class="fa-solid fa-house"></i>Home</a>

    </nav>
    <h1>Welcome to vpgajula first website!</h1>

    <main class="login-container">

        <h1>New Users, register here</h1>
        <form class="lo
Response: 200 1.971 ms 

Request: GET /api/loginForm at Tue Apr 18 2023 18:31:06 GMT-0400, IP: ::1, User Agent: Mozilla/5.0 (Windows NT 10.0; Win64; x64) AppleWebKit/537.36 (KHTML, like Gecko) Chrome/112.0.0.0 Safari/537.36
Response Body:
<!DOCTYPE html>
<html lang="en">

<head>
    <meta charset="UTF-8">
    <meta name="viewport" content="width=device-width, initial-scale=1.0">
    <meta http-equiv="X-UA-Compatible" content="ie=edge">
    <link rel="stylesheet" href="https://cdnjs.cloudflare.com/ajax/libs/font-awesome/6.4.0/css/all.min.css">
    <link rel="stylesheet" type="text/css" href="/css/styles.css">
    <title>Login Page</title>
</head>

<body>

    <!-- Navigation bar -->
    <nav>
        <a class="active" href="loginForm"><i class="fa-solid fa-sign-in"></i>Login</a>
        <a class="active" href="signupForm"><i class="fa-solid fa-pen-to-square"></i>Sign Up</a>
        <a class="active" href="about"><i class="fa-solid fa-file-pen"></i>About</a>
        <a class="active" href="home"><i class="fa-solid fa-house"></i>Home</a>
    </nav>

    <h1>Welcome to vpgajula first website!</h1>

    <main class="login-container">
        <h1>Login</h1>

        <form class="login-form" action="
Response: 200 1.977 ms 

Request: POST /api/loginForm at Tue Apr 18 2023 18:31:21 GMT-0400, IP: ::1, User Agent: Mozilla/5.0 (Windows NT 10.0; Win64; x64) AppleWebKit/537.36 (KHTML, like Gecko) Chrome/112.0.0.0 Safari/537.36
Request Body:
{
	"email": "testuser20@test.com",
	"password": "test123"
}
Response Body:
<!DOCTYPE html>
<html lang="en">

<head>
    <meta charset="UTF-8">
    <meta name="viewport" content="width=device-width, initial-scale=1.0">
    <meta http-equiv="X-UA-Compatible" content="ie=edge">
    <link rel="stylesheet" href="https://cdnjs.cloudflare.com/ajax/libs/font-awesome/6.4.0/css/all.min.css">
    <link rel="stylesheet" type="text/css" href="/css/styles.css">
    <title>Application Page</title>
</head>

<body>

    <!-- Navigation bar -->

    <nav>
        <a class="active" href="logout"><i class="fa-solid fa-right-from-bracket"></i>Logout</a>
        <a class="active" href="customers/addCustomerForm"><i class="fa-solid fa-user-plus"></i>Add New Customer</a>
        <a class="active" href="customers"><i class="fa-solid fa-users-viewfinder"></i>View Customers</a>
        <a class="active" href="loans/addLoanForm"><i class="fa-solid fa-hand-holding-dollar"></i>Add New Loan</a>
        <a class="active" href="loans"><i class="fa-solid fa-file-invoice-d
Response: 200 200.836 ms 

Request: GET /api/loansLedger at Tue Apr 18 2023 18:31:29 GMT-0400, IP: ::1, User Agent: Mozilla/5.0 (Windows NT 10.0; Win64; x64) AppleWebKit/537.36 (KHTML, like Gecko) Chrome/112.0.0.0 Safari/537.36
Response Body:
<!DOCTYPE html>
<html>

<head>
    <meta charset="utf-8">
    <title>Loan Ledger</title>
    <link rel="stylesheet" type="text/css" href="/css/styles.css">
</head>

<body>
    <!-- Navigation bar -->

    <nav>
		<a class="active" href="https://localhost:3000/api/logout">Logout</a>
        <a class="active" href="https://localhost:3000/api/customers">View Customers</a>
        <a class="active" href="https://localhost:3000/api/customers/addCustomerForm">Add New Customer</a>
		<a class="active" href="https://localhost:3000/api/loans">View Loans</a>
		<a class="active" href="https://localhost:3000/api/loans/addLoanForm">Add New Loan</a>
       	<a class="active" href="https://localhost:3000/api/home">Home</a>
	</nav>

    <h1>Loan Ledger</h1>
    <table>
        <thead>
            <tr>
                <th>Customer ID</th>
                <th>Loan Number</th>
                <th>Payment Amount</th>
                <th>Interest</th>
                <th>Princip
Response: 200 77.047 ms 

Request: GET /api/loans at Tue Apr 18 2023 18:31:36 GMT-0400, IP: ::1, User Agent: Mozilla/5.0 (Windows NT 10.0; Win64; x64) AppleWebKit/537.36 (KHTML, like Gecko) Chrome/112.0.0.0 Safari/537.36
Response Body:
<!DOCTYPE html>
<html>

<head>
    <meta charset="utf-8">
    <title>Customer Loans</title>
    <link rel="stylesheet" type="text/css" href="/css/styles.css">
</head>

<body>
    <!-- Navigation bar -->

	<nav>
		<a class="active" href="https://localhost:3000/api/logout">Logout</a>
        <a class="active" href="https://localhost:3000/api/customers">View Customers</a>
        <a class="active" href="https://localhost:3000/api/customers/addCustomerForm">Add New Customer</a>
		<a class="active" href="https://localhost:3000/api/loans/addLoanForm">Add New Loan</a>
        <a class="active" href="https://localhost:3000/api/loansLedger">View Loans Ledger</a>
		<a class="active" href="https://localhost:3000/api/home">Home</a>
	</nav>

    <h1>Customer Loans</h1>
    <table>
        <thead>
            <tr>
                <th>Customer ID</th>
                <th>Loan Type</th>
                <th>Loan Number</th>
                <th>Loan Amount</th>
             
Response: 200 49.561 ms 

Request: GET /api/customers at Tue Apr 18 2023 18:31:41 GMT-0400, IP: ::1, User Agent: Mozilla/5.0 (Windows NT 10.0; Win64; x64) AppleWebKit/537.36 (KHTML, like Gecko) Chrome/112.0.0.0 Safari/537.36
Response Body:
<!DOCTYPE html>
<html>

<head>
    <meta charset="utf-8">
    <title>Customers</title>
    <link rel="stylesheet" type="text/css" href="/css/styles.css">
</head>

<body>
    <!-- Navigation bar -->

    <nav>
		<a class="active" href="https://localhost:3000/api/logout">Logout</a>
        <a class="active" href="https://localhost:3000/api/customers/addCustomerForm">Add New Customer</a>
		<a class="active" href="https://localhost:3000/api/loans">View Loans</a>
		<a class="active" href="https://localhost:3000/api/loans/addLoanForm">Add New Loan</a>
		<a class="active" href="https://localhost:3000/api/loansLedger">View Loans Ledger</a>
		<a class="active" href="https://localhost:3000/api/home">Home</a>
	</nav>

    <h1>Customers</h1>
    <table>
        <thead>
            <tr>
                <th>Customer ID</th>
                <th>Customer Name</th>
                <th>User Name</th>
                <th>Date of Birth</th>
                <th>Gender</th>
   
Response: 200 51.760 ms 

Request: GET /api/customers/addCustomerForm at Tue Apr 18 2023 18:31:50 GMT-0400, IP: ::1, User Agent: Mozilla/5.0 (Windows NT 10.0; Win64; x64) AppleWebKit/537.36 (KHTML, like Gecko) Chrome/112.0.0.0 Safari/537.36
Response Body:
<!DOCTYPE html>
<html>

<head>
	<meta charset="UTF-8">
	<meta name="viewport" content="width=device-width, initial-scale=1.0">
	<meta http-equiv="X-UA-Compatible" content="ie=edge">
	<link rel="stylesheet" href="https://cdnjs.cloudflare.com/ajax/libs/font-awesome/6.4.0/css/all.min.css">
	<link rel="stylesheet" type="text/css" href="/css/styles.css">
	<title>Customer Information Form</title>
</head>

<body>

	<!-- Navigation bar -->

	<nav>
		<a class="active" href="https://localhost:3000/api/logout">Logout</a>
		<a class="active" href="https://localhost:3000/api/customers">View Customers</a>
		<a class="active" href="https://localhost:3000/api/loans">View Loans</a>
		<a class="active" href="https://localhost:3000/api/loans/addLoanForm">Add New Loan</a>
		<a class="active" href="https://localhost:3000/api/loansLedger">View Loans Ledger</a>
		<a class="active" href="https://localhost:3000/api/home">Home</a>

	</nav>

	<main class="container">
		<h2>Add New Cust
Response: 200 4.624 ms 

Request: GET /api/customers at Tue Apr 18 2023 18:31:57 GMT-0400, IP: ::1, User Agent: Mozilla/5.0 (Windows NT 10.0; Win64; x64) AppleWebKit/537.36 (KHTML, like Gecko) Chrome/112.0.0.0 Safari/537.36
Response Body:
<!DOCTYPE html>
<html>

<head>
    <meta charset="utf-8">
    <title>Customers</title>
    <link rel="stylesheet" type="text/css" href="/css/styles.css">
</head>

<body>
    <!-- Navigation bar -->

    <nav>
		<a class="active" href="https://localhost:3000/api/logout">Logout</a>
        <a class="active" href="https://localhost:3000/api/customers/addCustomerForm">Add New Customer</a>
		<a class="active" href="https://localhost:3000/api/loans">View Loans</a>
		<a class="active" href="https://localhost:3000/api/loans/addLoanForm">Add New Loan</a>
		<a class="active" href="https://localhost:3000/api/loansLedger">View Loans Ledger</a>
		<a class="active" href="https://localhost:3000/api/home">Home</a>
	</nav>

    <h1>Customers</h1>
    <table>
        <thead>
            <tr>
                <th>Customer ID</th>
                <th>Customer Name</th>
                <th>User Name</th>
                <th>Date of Birth</th>
                <th>Gender</th>
   
Response: 200 42.171 ms 

Request: GET /api/customers/addCustomerForm at Tue Apr 18 2023 18:32:00 GMT-0400, IP: ::1, User Agent: Mozilla/5.0 (Windows NT 10.0; Win64; x64) AppleWebKit/537.36 (KHTML, like Gecko) Chrome/112.0.0.0 Safari/537.36
Response Body:
<!DOCTYPE html>
<html>

<head>
	<meta charset="UTF-8">
	<meta name="viewport" content="width=device-width, initial-scale=1.0">
	<meta http-equiv="X-UA-Compatible" content="ie=edge">
	<link rel="stylesheet" href="https://cdnjs.cloudflare.com/ajax/libs/font-awesome/6.4.0/css/all.min.css">
	<link rel="stylesheet" type="text/css" href="/css/styles.css">
	<title>Customer Information Form</title>
</head>

<body>

	<!-- Navigation bar -->

	<nav>
		<a class="active" href="https://localhost:3000/api/logout">Logout</a>
		<a class="active" href="https://localhost:3000/api/customers">View Customers</a>
		<a class="active" href="https://localhost:3000/api/loans">View Loans</a>
		<a class="active" href="https://localhost:3000/api/loans/addLoanForm">Add New Loan</a>
		<a class="active" href="https://localhost:3000/api/loansLedger">View Loans Ledger</a>
		<a class="active" href="https://localhost:3000/api/home">Home</a>

	</nav>

	<main class="container">
		<h2>Add New Cust
Response: 200 2.232 ms 

Request: POST /api/customers at Tue Apr 18 2023 18:32:27 GMT-0400, IP: ::1, User Agent: Mozilla/5.0 (Windows NT 10.0; Win64; x64) AppleWebKit/537.36 (KHTML, like Gecko) Chrome/112.0.0.0 Safari/537.36
Request Body:
{
	"customerID": "C1015",
	"userName": "Nikhil",
	"customerFirstName": "Nikhil",
	"customerMiddleName": "R",
	"customerLastName": "Romero",
	"dateofBirth": "2022-12-11",
	"gender": "Male"
}
Response Body:
<!DOCTYPE html>
<html>

<head>
	<meta charset="UTF-8">
	<meta name="viewport" content="width=device-width, initial-scale=1.0">
	<meta http-equiv="X-UA-Compatible" content="ie=edge">
	<link rel="stylesheet" href="https://cdnjs.cloudflare.com/ajax/libs/font-awesome/6.4.0/css/all.min.css">
	<link rel="stylesheet" type="text/css" href="/css/styles.css">
	<title>Customer Information Form</title>
</head>

<body>

	<!-- Navigation bar -->

	<nav>
		<a class="active" href="https://localhost:3000/api/logout">Logout</a>
		<a class="active" href="https://localhost:3000/api/customers">View Customers</a>
		<a class="active" href="https://localhost:3000/api/loans">View Loans</a>
		<a class="active" href="https://localhost:3000/api/loans/addLoanForm">Add New Loan</a>
		<a class="active" href="https://localhost:3000/api/loansLedger">View Loans Ledger</a>
		<a class="active" href="https://localhost:3000/api/home">Home</a>

	</nav>

	<main class="container">
		<h2>Add New Cust
Response: 200 125.630 ms 

Request: GET /api/loans/addLoanForm at Tue Apr 18 2023 18:32:33 GMT-0400, IP: ::1, User Agent: Mozilla/5.0 (Windows NT 10.0; Win64; x64) AppleWebKit/537.36 (KHTML, like Gecko) Chrome/112.0.0.0 Safari/537.36
Response Body:
<!DOCTYPE html>
<html>

<head>
	<meta charset="UTF-8">
	<meta name="viewport" content="width=device-width, initial-scale=1.0">
	<meta http-equiv="X-UA-Compatible" content="ie=edge">
	<link rel="stylesheet" href="https://cdnjs.cloudflare.com/ajax/libs/font-awesome/6.4.0/css/all.min.css">
	<link rel="stylesheet" type="text/css" href="/css/styles.css">
	<title>Loan Information Form</title>
</head>

<body>
	<!-- Navigation bar -->

	<nav>
		<a class="active" href="https://localhost:3000/api/logout">Logout</a>
		<a class="active" href="https://localhost:3000/api/customers/addCustomerForm">Add New Customer</a>
		<a class="active" href="https://localhost:3000/api/customers">View Customers</a>
		<a class="active" href="https://localhost:3000/api/loans">View Loans</a>
		<a class="active" href="https://localhost:3000/api/loansLedger">View Loans Ledger</a>
		<a class="active" href="https://localhost:3000/api/home">Home</a>

	</nav>

	<main class="container">
		<h2>Add Ne
Response: 200 3.729 ms 

Request: GET /api/home at Tue Apr 18 2023 18:33:35 GMT-0400, IP: ::1, User Agent: Mozilla/5.0 (Windows NT 10.0; Win64; x64) AppleWebKit/537.36 (KHTML, like Gecko) Chrome/112.0.0.0 Safari/537.36
Response Body:
<!DOCTYPE html>
<html lang="en">

<head>
    <meta charset="UTF-8">
    <meta name="viewport" content="width=device-width, initial-scale=1.0">
    <meta http-equiv="X-UA-Compatible" content="ie=edge">
    <link rel="stylesheet" href="https://cdnjs.cloudflare.com/ajax/libs/font-awesome/6.4.0/css/all.min.css">
    <link rel="stylesheet" type="text/css" href="/css/styles.css">
    <title>Home Page</title>
</head>

<body>

    <!-- Navigation bar -->
    <nav>
        <a class="active" href="loginForm"><i class="fa-solid fa-sign-in"></i>Login</a>
        <a class="active" href="signupForm"><i class="fa-solid fa-pen-to-square"></i>Sign Up</a>
        <a class="active" href="about"><i class="fa-solid fa-file-pen"></i>About</a>
        <a class="active" href="home"><i class="fa-solid fa-house"></i>Home</a>
    </nav>

    <h1>Welcome to vpgajula first website!</h1>
    
    <main>
        <div>
            <p>Node.js is a powerful and popular server-side JavaScript r
Response: 200 1.520 ms 

Request: GET /api/loginForm at Tue Apr 18 2023 18:33:37 GMT-0400, IP: ::1, User Agent: Mozilla/5.0 (Windows NT 10.0; Win64; x64) AppleWebKit/537.36 (KHTML, like Gecko) Chrome/112.0.0.0 Safari/537.36
Response Body:
<!DOCTYPE html>
<html lang="en">

<head>
    <meta charset="UTF-8">
    <meta name="viewport" content="width=device-width, initial-scale=1.0">
    <meta http-equiv="X-UA-Compatible" content="ie=edge">
    <link rel="stylesheet" href="https://cdnjs.cloudflare.com/ajax/libs/font-awesome/6.4.0/css/all.min.css">
    <link rel="stylesheet" type="text/css" href="/css/styles.css">
    <title>Login Page</title>
</head>

<body>

    <!-- Navigation bar -->
    <nav>
        <a class="active" href="loginForm"><i class="fa-solid fa-sign-in"></i>Login</a>
        <a class="active" href="signupForm"><i class="fa-solid fa-pen-to-square"></i>Sign Up</a>
        <a class="active" href="about"><i class="fa-solid fa-file-pen"></i>About</a>
        <a class="active" href="home"><i class="fa-solid fa-house"></i>Home</a>
    </nav>

    <h1>Welcome to vpgajula first website!</h1>

    <main class="login-container">
        <h1>Login</h1>

        <form class="login-form" action="
Response: 200 1.970 ms 

Request: POST /api/loginForm at Tue Apr 18 2023 18:33:54 GMT-0400, IP: ::1, User Agent: Mozilla/5.0 (Windows NT 10.0; Win64; x64) AppleWebKit/537.36 (KHTML, like Gecko) Chrome/112.0.0.0 Safari/537.36
Request Body:
{
	"email": "testuser15@test.com",
	"password": "test123"
}
Response Body:
<!DOCTYPE html>
<html lang="en">

<head>
    <meta charset="UTF-8">
    <meta name="viewport" content="width=device-width, initial-scale=1.0">
    <meta http-equiv="X-UA-Compatible" content="ie=edge">
    <link rel="stylesheet" href="https://cdnjs.cloudflare.com/ajax/libs/font-awesome/6.4.0/css/all.min.css">
    <link rel="stylesheet" type="text/css" href="/css/styles.css">
    <title>Application Page</title>
</head>

<body>

    <!-- Navigation bar -->

    <nav>
        <a class="active" href="logout"><i class="fa-solid fa-right-from-bracket"></i>Logout</a>
        <a class="active" href="customers/addCustomerForm"><i class="fa-solid fa-user-plus"></i>Add New Customer</a>
        <a class="active" href="customers"><i class="fa-solid fa-users-viewfinder"></i>View Customers</a>
        <a class="active" href="loans/addLoanForm"><i class="fa-solid fa-hand-holding-dollar"></i>Add New Loan</a>
        <a class="active" href="loans"><i class="fa-solid fa-file-invoice-d
Response: 200 202.264 ms 

Request: GET /api/loans/addLoanForm at Tue Apr 18 2023 18:41:26 GMT-0400, IP: ::1, User Agent: Mozilla/5.0 (Windows NT 10.0; Win64; x64) AppleWebKit/537.36 (KHTML, like Gecko) Chrome/112.0.0.0 Safari/537.36
Response Body:
<!DOCTYPE html>
<html>

<head>
	<meta charset="UTF-8">
	<meta name="viewport" content="width=device-width, initial-scale=1.0">
	<meta http-equiv="X-UA-Compatible" content="ie=edge">
	<link rel="stylesheet" href="https://cdnjs.cloudflare.com/ajax/libs/font-awesome/6.4.0/css/all.min.css">
	<link rel="stylesheet" type="text/css" href="/css/styles.css">
	<title>Loan Information Form</title>
</head>

<body>
	<!-- Navigation bar -->

	<nav>
		<a class="active" href="https://localhost:3000/api/logout">Logout</a>
		<a class="active" href="https://localhost:3000/api/customers/addCustomerForm">Add New Customer</a>
		<a class="active" href="https://localhost:3000/api/customers">View Customers</a>
		<a class="active" href="https://localhost:3000/api/loans">View Loans</a>
		<a class="active" href="https://localhost:3000/api/loansLedger">View Loans Ledger</a>
		<a class="active" href="https://localhost:3000/api/home">Home</a>

	</nav>

	<main class="container">
		<h2>Add Ne
Response: 200 1.977 ms 

Request: GET /api/customers/addCustomerForm at Tue Apr 18 2023 18:41:42 GMT-0400, IP: ::1, User Agent: Mozilla/5.0 (Windows NT 10.0; Win64; x64) AppleWebKit/537.36 (KHTML, like Gecko) Chrome/112.0.0.0 Safari/537.36
Response Body:
<!DOCTYPE html>
<html>

<head>
	<meta charset="UTF-8">
	<meta name="viewport" content="width=device-width, initial-scale=1.0">
	<meta http-equiv="X-UA-Compatible" content="ie=edge">
	<link rel="stylesheet" href="https://cdnjs.cloudflare.com/ajax/libs/font-awesome/6.4.0/css/all.min.css">
	<link rel="stylesheet" type="text/css" href="/css/styles.css">
	<title>Customer Information Form</title>
</head>

<body>

	<!-- Navigation bar -->

	<nav>
		<a class="active" href="https://localhost:3000/api/logout">Logout</a>
		<a class="active" href="https://localhost:3000/api/customers">View Customers</a>
		<a class="active" href="https://localhost:3000/api/loans">View Loans</a>
		<a class="active" href="https://localhost:3000/api/loans/addLoanForm">Add New Loan</a>
		<a class="active" href="https://localhost:3000/api/loansLedger">View Loans Ledger</a>
		<a class="active" href="https://localhost:3000/api/home">Home</a>

	</nav>

	<main class="container">
		<h2>Add New Cust
Response: 200 0.871 ms 

Request: GET /api/loansLedger at Tue Apr 18 2023 18:41:48 GMT-0400, IP: ::1, User Agent: Mozilla/5.0 (Windows NT 10.0; Win64; x64) AppleWebKit/537.36 (KHTML, like Gecko) Chrome/112.0.0.0 Safari/537.36
Response Body:
<!DOCTYPE html>
<html>

<head>
    <meta charset="utf-8">
    <title>Loan Ledger</title>
    <link rel="stylesheet" type="text/css" href="/css/styles.css">
</head>

<body>
    <!-- Navigation bar -->

    <nav>
		<a class="active" href="https://localhost:3000/api/logout">Logout</a>
        <a class="active" href="https://localhost:3000/api/customers">View Customers</a>
        <a class="active" href="https://localhost:3000/api/customers/addCustomerForm">Add New Customer</a>
		<a class="active" href="https://localhost:3000/api/loans">View Loans</a>
		<a class="active" href="https://localhost:3000/api/loans/addLoanForm">Add New Loan</a>
       	<a class="active" href="https://localhost:3000/api/home">Home</a>
	</nav>

    <h1>Loan Ledger</h1>
    <table>
        <thead>
            <tr>
                <th>Customer ID</th>
                <th>Loan Number</th>
                <th>Payment Amount</th>
                <th>Interest</th>
                <th>Princip
Response: 200 42.338 ms 

Request: GET /api/loans at Tue Apr 18 2023 18:41:50 GMT-0400, IP: ::1, User Agent: Mozilla/5.0 (Windows NT 10.0; Win64; x64) AppleWebKit/537.36 (KHTML, like Gecko) Chrome/112.0.0.0 Safari/537.36
Response Body:
<!DOCTYPE html>
<html>

<head>
    <meta charset="utf-8">
    <title>Customer Loans</title>
    <link rel="stylesheet" type="text/css" href="/css/styles.css">
</head>

<body>
    <!-- Navigation bar -->

	<nav>
		<a class="active" href="https://localhost:3000/api/logout">Logout</a>
        <a class="active" href="https://localhost:3000/api/customers">View Customers</a>
        <a class="active" href="https://localhost:3000/api/customers/addCustomerForm">Add New Customer</a>
		<a class="active" href="https://localhost:3000/api/loans/addLoanForm">Add New Loan</a>
        <a class="active" href="https://localhost:3000/api/loansLedger">View Loans Ledger</a>
		<a class="active" href="https://localhost:3000/api/home">Home</a>
	</nav>

    <h1>Customer Loans</h1>
    <table>
        <thead>
            <tr>
                <th>Customer ID</th>
                <th>Loan Type</th>
                <th>Loan Number</th>
                <th>Loan Amount</th>
             
Response: 200 40.976 ms 

Request: GET /api/home at Tue Apr 18 2023 18:43:05 GMT-0400, IP: ::1, User Agent: Mozilla/5.0 (Windows NT 10.0; Win64; x64) AppleWebKit/537.36 (KHTML, like Gecko) Chrome/112.0.0.0 Safari/537.36
Response Body:
<!DOCTYPE html>
<html lang="en">

<head>
    <meta charset="UTF-8">
    <meta name="viewport" content="width=device-width, initial-scale=1.0">
    <meta http-equiv="X-UA-Compatible" content="ie=edge">
    <link rel="stylesheet" href="https://cdnjs.cloudflare.com/ajax/libs/font-awesome/6.4.0/css/all.min.css">
    <link rel="stylesheet" type="text/css" href="/css/styles.css">
    <title>Home Page</title>
</head>

<body>

    <!-- Navigation bar -->
    <nav>
        <a class="active" href="loginForm"><i class="fa-solid fa-sign-in"></i>Login</a>
        <a class="active" href="signupForm"><i class="fa-solid fa-pen-to-square"></i>Sign Up</a>
        <a class="active" href="about"><i class="fa-solid fa-file-pen"></i>About</a>
        <a class="active" href="home"><i class="fa-solid fa-house"></i>Home</a>
    </nav>

    <h1>Welcome to vpgajula first website!</h1>
    
    <main>
        <div>
            <p>Node.js is a powerful and popular server-side JavaScript r
Response: 200 1.050 ms 

Request: GET /api/about at Tue Apr 18 2023 18:46:54 GMT-0400, IP: ::1, User Agent: Mozilla/5.0 (Windows NT 10.0; Win64; x64) AppleWebKit/537.36 (KHTML, like Gecko) Chrome/112.0.0.0 Safari/537.36
Response Body:
<!DOCTYPE html>
<html lang="en">

<head>
    <meta charset="UTF-8">
    <meta name="viewport" content="width=device-width, initial-scale=1.0">
    <meta http-equiv="X-UA-Compatible" content="ie=edge">
    <link rel="stylesheet" href="https://cdnjs.cloudflare.com/ajax/libs/font-awesome/6.4.0/css/all.min.css">
    <link rel="stylesheet" type="text/css" href="/css/styles.css">
    <title>About Page</title>
</head>

<body>

    <!-- Navigation bar -->
    <nav>
        
        <a class="active" href="loginForm"><i class="fa-solid fa-sign-in"></i>Login</a>
        <a class="active" href="signupForm"><i class="fa-solid fa-pen-to-square"></i>Sign Up</a>
        <a class="active" href="about"><i class="fa-solid fa-file-pen"></i>About</a>
        <a class="active" href="home"><i class="fa-solid fa-house"></i>Home</a>

    </nav>

    <h1>Welcome to vpgajula first website!</h1>
    
    <main>
        <div>
            <p>This page is about the final project.</p>
  
Response: 200 1.950 ms 

Request: GET /api/signupForm at Tue Apr 18 2023 18:49:57 GMT-0400, IP: ::1, User Agent: Mozilla/5.0 (Windows NT 10.0; Win64; x64) AppleWebKit/537.36 (KHTML, like Gecko) Chrome/112.0.0.0 Safari/537.36
Response Body:
<!DOCTYPE html>
<html lang="en">

<head>
    <meta charset="UTF-8">
    <meta name="viewport" content="width=device-width, initial-scale=1.0">
    <meta http-equiv="X-UA-Compatible" content="ie=edge">
    <title>Sign-Up</title>
    <link rel="stylesheet" href="https://cdnjs.cloudflare.com/ajax/libs/font-awesome/6.4.0/css/all.min.css">
    <link rel="stylesheet" type="text/css" href="/css/styles.css">
</head>

<body>

    <!-- Navigation bar -->
    <nav>

        <a class="active" href="loginForm"><i class="fa-solid fa-sign-in"></i>Login</a>
        <a class="active" href="signupForm"><i class="fa-solid fa-pen-to-square"></i>Sign Up</a>
        <a class="active" href="about"><i class="fa-solid fa-file-pen"></i>About</a>
        <a class="active" href="home"><i class="fa-solid fa-house"></i>Home</a>

    </nav>
    <h1>Welcome to vpgajula first website!</h1>

    <main class="login-container">

        <h1>New Users, register here</h1>
        <form class="lo
Response: 200 2.126 ms 

Request: GET /api/loginForm at Tue Apr 18 2023 18:50:04 GMT-0400, IP: ::1, User Agent: Mozilla/5.0 (Windows NT 10.0; Win64; x64) AppleWebKit/537.36 (KHTML, like Gecko) Chrome/112.0.0.0 Safari/537.36
Response Body:
<!DOCTYPE html>
<html lang="en">

<head>
    <meta charset="UTF-8">
    <meta name="viewport" content="width=device-width, initial-scale=1.0">
    <meta http-equiv="X-UA-Compatible" content="ie=edge">
    <link rel="stylesheet" href="https://cdnjs.cloudflare.com/ajax/libs/font-awesome/6.4.0/css/all.min.css">
    <link rel="stylesheet" type="text/css" href="/css/styles.css">
    <title>Login Page</title>
</head>

<body>

    <!-- Navigation bar -->
    <nav>
        <a class="active" href="loginForm"><i class="fa-solid fa-sign-in"></i>Login</a>
        <a class="active" href="signupForm"><i class="fa-solid fa-pen-to-square"></i>Sign Up</a>
        <a class="active" href="about"><i class="fa-solid fa-file-pen"></i>About</a>
        <a class="active" href="home"><i class="fa-solid fa-house"></i>Home</a>
    </nav>

    <h1>Welcome to vpgajula first website!</h1>

    <main class="login-container">
        <h1>Login</h1>

        <form class="login-form" action="
Response: 200 0.921 ms 

Request: GET /api/signupForm at Tue Apr 18 2023 18:52:04 GMT-0400, IP: ::1, User Agent: Mozilla/5.0 (Windows NT 10.0; Win64; x64) AppleWebKit/537.36 (KHTML, like Gecko) Chrome/112.0.0.0 Safari/537.36
Response Body:
<!DOCTYPE html>
<html lang="en">

<head>
    <meta charset="UTF-8">
    <meta name="viewport" content="width=device-width, initial-scale=1.0">
    <meta http-equiv="X-UA-Compatible" content="ie=edge">
    <title>Sign-Up</title>
    <link rel="stylesheet" href="https://cdnjs.cloudflare.com/ajax/libs/font-awesome/6.4.0/css/all.min.css">
    <link rel="stylesheet" type="text/css" href="/css/styles.css">
</head>

<body>

    <!-- Navigation bar -->
    <nav>

        <a class="active" href="loginForm"><i class="fa-solid fa-sign-in"></i>Login</a>
        <a class="active" href="signupForm"><i class="fa-solid fa-pen-to-square"></i>Sign Up</a>
        <a class="active" href="about"><i class="fa-solid fa-file-pen"></i>About</a>
        <a class="active" href="home"><i class="fa-solid fa-house"></i>Home</a>

    </nav>
    <h1>Welcome to vpgajula first website!</h1>

    <main class="login-container">

        <h1>New Users, register here</h1>
        <form class="lo
Response: 200 1.400 ms 

Request: GET /api/loginForm at Tue Apr 18 2023 18:52:46 GMT-0400, IP: ::1, User Agent: Mozilla/5.0 (Windows NT 10.0; Win64; x64) AppleWebKit/537.36 (KHTML, like Gecko) Chrome/112.0.0.0 Safari/537.36
Response Body:
<!DOCTYPE html>
<html lang="en">

<head>
    <meta charset="UTF-8">
    <meta name="viewport" content="width=device-width, initial-scale=1.0">
    <meta http-equiv="X-UA-Compatible" content="ie=edge">
    <link rel="stylesheet" href="https://cdnjs.cloudflare.com/ajax/libs/font-awesome/6.4.0/css/all.min.css">
    <link rel="stylesheet" type="text/css" href="/css/styles.css">
    <title>Login Page</title>
</head>

<body>

    <!-- Navigation bar -->
    <nav>
        <a class="active" href="loginForm"><i class="fa-solid fa-sign-in"></i>Login</a>
        <a class="active" href="signupForm"><i class="fa-solid fa-pen-to-square"></i>Sign Up</a>
        <a class="active" href="about"><i class="fa-solid fa-file-pen"></i>About</a>
        <a class="active" href="home"><i class="fa-solid fa-house"></i>Home</a>
    </nav>

    <h1>Welcome to vpgajula first website!</h1>

    <main class="login-container">
        <h1>Login</h1>

        <form class="login-form" action="
Response: 200 1.273 ms 

Request: GET /api/home at Tue Apr 18 2023 18:52:52 GMT-0400, IP: ::1, User Agent: Mozilla/5.0 (Windows NT 10.0; Win64; x64) AppleWebKit/537.36 (KHTML, like Gecko) Chrome/112.0.0.0 Safari/537.36
Response Body:
<!DOCTYPE html>
<html lang="en">

<head>
    <meta charset="UTF-8">
    <meta name="viewport" content="width=device-width, initial-scale=1.0">
    <meta http-equiv="X-UA-Compatible" content="ie=edge">
    <link rel="stylesheet" href="https://cdnjs.cloudflare.com/ajax/libs/font-awesome/6.4.0/css/all.min.css">
    <link rel="stylesheet" type="text/css" href="/css/styles.css">
    <title>Home Page</title>
</head>

<body>

    <!-- Navigation bar -->
    <nav>
        <a class="active" href="loginForm"><i class="fa-solid fa-sign-in"></i>Login</a>
        <a class="active" href="signupForm"><i class="fa-solid fa-pen-to-square"></i>Sign Up</a>
        <a class="active" href="about"><i class="fa-solid fa-file-pen"></i>About</a>
        <a class="active" href="home"><i class="fa-solid fa-house"></i>Home</a>
    </nav>

    <h1>Welcome to vpgajula first website!</h1>
    
    <main>
        <div>
            <p>Node.js is a powerful and popular server-side JavaScript r
Response: 200 1.363 ms 

Request: GET /api/about at Tue Apr 18 2023 18:53:31 GMT-0400, IP: ::1, User Agent: Mozilla/5.0 (Windows NT 10.0; Win64; x64) AppleWebKit/537.36 (KHTML, like Gecko) Chrome/112.0.0.0 Safari/537.36
Response Body:
<!DOCTYPE html>
<html lang="en">

<head>
    <meta charset="UTF-8">
    <meta name="viewport" content="width=device-width, initial-scale=1.0">
    <meta http-equiv="X-UA-Compatible" content="ie=edge">
    <link rel="stylesheet" href="https://cdnjs.cloudflare.com/ajax/libs/font-awesome/6.4.0/css/all.min.css">
    <link rel="stylesheet" type="text/css" href="/css/styles.css">
    <title>About Page</title>
</head>

<body>

    <!-- Navigation bar -->
    <nav>
        
        <a class="active" href="loginForm"><i class="fa-solid fa-sign-in"></i>Login</a>
        <a class="active" href="signupForm"><i class="fa-solid fa-pen-to-square"></i>Sign Up</a>
        <a class="active" href="about"><i class="fa-solid fa-file-pen"></i>About</a>
        <a class="active" href="home"><i class="fa-solid fa-house"></i>Home</a>

    </nav>

    <h1>Welcome to vpgajula first website!</h1>
    
    <main>
        <div>
            <p>This page is about the final project.</p>
  
Response: 200 1.491 ms 

Request: GET /api/signupForm at Tue Apr 18 2023 18:53:33 GMT-0400, IP: ::1, User Agent: Mozilla/5.0 (Windows NT 10.0; Win64; x64) AppleWebKit/537.36 (KHTML, like Gecko) Chrome/112.0.0.0 Safari/537.36
Response Body:
<!DOCTYPE html>
<html lang="en">

<head>
    <meta charset="UTF-8">
    <meta name="viewport" content="width=device-width, initial-scale=1.0">
    <meta http-equiv="X-UA-Compatible" content="ie=edge">
    <title>Sign-Up</title>
    <link rel="stylesheet" href="https://cdnjs.cloudflare.com/ajax/libs/font-awesome/6.4.0/css/all.min.css">
    <link rel="stylesheet" type="text/css" href="/css/styles.css">
</head>

<body>

    <!-- Navigation bar -->
    <nav>

        <a class="active" href="loginForm"><i class="fa-solid fa-sign-in"></i>Login</a>
        <a class="active" href="signupForm"><i class="fa-solid fa-pen-to-square"></i>Sign Up</a>
        <a class="active" href="about"><i class="fa-solid fa-file-pen"></i>About</a>
        <a class="active" href="home"><i class="fa-solid fa-house"></i>Home</a>

    </nav>
    <h1>Welcome to vpgajula first website!</h1>

    <main class="login-container">

        <h1>New Users, register here</h1>
        <form class="lo
Response: 200 0.887 ms 

Request: GET /api/loginForm at Tue Apr 18 2023 18:58:08 GMT-0400, IP: ::1, User Agent: Mozilla/5.0 (Windows NT 10.0; Win64; x64) AppleWebKit/537.36 (KHTML, like Gecko) Chrome/112.0.0.0 Safari/537.36
Response Body:
<!DOCTYPE html>
<html lang="en">

<head>
    <meta charset="UTF-8">
    <meta name="viewport" content="width=device-width, initial-scale=1.0">
    <meta http-equiv="X-UA-Compatible" content="ie=edge">
    <link rel="stylesheet" href="https://cdnjs.cloudflare.com/ajax/libs/font-awesome/6.4.0/css/all.min.css">
    <link rel="stylesheet" type="text/css" href="/css/styles.css">
    <title>Login Page</title>
</head>

<body>

    <!-- Navigation bar -->
    <nav>
        <a class="active" href="loginForm"><i class="fa-solid fa-sign-in"></i>Login</a>
        <a class="active" href="signupForm"><i class="fa-solid fa-pen-to-square"></i>Sign Up</a>
        <a class="active" href="about"><i class="fa-solid fa-file-pen"></i>About</a>
        <a class="active" href="home"><i class="fa-solid fa-house"></i>Home</a>
    </nav>

    <h1>Welcome to vpgajula first website!</h1>

    <main class="login-container">
        <h1>Login</h1>

        <form class="login-form" action="
Response: 200 2.310 ms 

Request: POST /api/loginForm at Tue Apr 18 2023 18:58:22 GMT-0400, IP: ::1, User Agent: Mozilla/5.0 (Windows NT 10.0; Win64; x64) AppleWebKit/537.36 (KHTML, like Gecko) Chrome/112.0.0.0 Safari/537.36
Request Body:
{
	"email": "testuser15@test.com",
	"password": "test123"
}
Response Body:
<!DOCTYPE html>
<html lang="en">

<head>
    <meta charset="UTF-8">
    <meta name="viewport" content="width=device-width, initial-scale=1.0">
    <meta http-equiv="X-UA-Compatible" content="ie=edge">
    <link rel="stylesheet" href="https://cdnjs.cloudflare.com/ajax/libs/font-awesome/6.4.0/css/all.min.css">
    <link rel="stylesheet" type="text/css" href="/css/styles.css">
    <title>Application Page</title>
</head>

<body>

    <!-- Navigation bar -->

    <nav>
        <a class="active" href="logout"><i class="fa-solid fa-right-from-bracket"></i>Logout</a>
        <a class="active" href="customers/addCustomerForm"><i class="fa-solid fa-user-plus"></i>Add New Customer</a>
        <a class="active" href="customers"><i class="fa-solid fa-users-viewfinder"></i>View Customers</a>
        <a class="active" href="loans/addLoanForm"><i class="fa-solid fa-hand-holding-dollar"></i>Add New Loan</a>
        <a class="active" href="loans"><i class="fa-solid fa-file-invoice-d
Response: 200 240.602 ms 

Request: GET /api/customers/addCustomerForm at Tue Apr 18 2023 18:58:27 GMT-0400, IP: ::1, User Agent: Mozilla/5.0 (Windows NT 10.0; Win64; x64) AppleWebKit/537.36 (KHTML, like Gecko) Chrome/112.0.0.0 Safari/537.36
Response Body:
<!DOCTYPE html>
<html>

<head>
	<meta charset="UTF-8">
	<meta name="viewport" content="width=device-width, initial-scale=1.0">
	<meta http-equiv="X-UA-Compatible" content="ie=edge">
	<link rel="stylesheet" href="https://cdnjs.cloudflare.com/ajax/libs/font-awesome/6.4.0/css/all.min.css">
	<link rel="stylesheet" type="text/css" href="/css/styles.css">
	<title>Customer Information Form</title>
</head>

<body>

	<!-- Navigation bar -->

	<nav>
		<a class="active" href="https://localhost:3000/api/logout">Logout</a>
		<a class="active" href="https://localhost:3000/api/customers">View Customers</a>
		<a class="active" href="https://localhost:3000/api/loans">View Loans</a>
		<a class="active" href="https://localhost:3000/api/loans/addLoanForm">Add New Loan</a>
		<a class="active" href="https://localhost:3000/api/loansLedger">View Loans Ledger</a>
		<a class="active" href="https://localhost:3000/api/home">Home</a>

	</nav>

	<main class="container">
		<h2>Add New Cust
Response: 200 1.541 ms 

Request: GET /api/customers/addCustomerForm at Tue Apr 18 2023 19:03:09 GMT-0400, IP: ::1, User Agent: Mozilla/5.0 (Windows NT 10.0; Win64; x64) AppleWebKit/537.36 (KHTML, like Gecko) Chrome/112.0.0.0 Safari/537.36
Response Body:
<!DOCTYPE html>
<html>

<head>
	<meta charset="UTF-8">
	<meta name="viewport" content="width=device-width, initial-scale=1.0">
	<meta http-equiv="X-UA-Compatible" content="ie=edge">
	<link rel="stylesheet" href="https://cdnjs.cloudflare.com/ajax/libs/font-awesome/6.4.0/css/all.min.css">
	<link rel="stylesheet" type="text/css" href="/css/styles.css">
	<title>Customer Information Form</title>
</head>

<body>

	<!-- Navigation bar -->

	<nav>
		<a class="active" href="https://localhost:3000/api/logout"><i class="fa-solid fa-right-from-bracket"></i>Logout</a>
		<a class="active" href="https://localhost:3000/api/customers"><i class="fa-solid fa-users-viewfinder"></i>View Customers</a>
		<a class="active" href="https://localhost:3000/api/loans"><i class="fa-solid fa-file-invoice-dollar"></i>View Loans</a>
		<a class="active" href="https://localhost:3000/api/loans/addLoanForm"><i class="fa-solid fa-hand-holding-dollar"></i>Add New Loan</a>
		<a class="active" href="https:
Response: 200 3.171 ms 

Request: GET /api/customers at Tue Apr 18 2023 19:03:13 GMT-0400, IP: ::1, User Agent: Mozilla/5.0 (Windows NT 10.0; Win64; x64) AppleWebKit/537.36 (KHTML, like Gecko) Chrome/112.0.0.0 Safari/537.36
Response Body:
<!DOCTYPE html>
<html>

<head>
    <meta charset="utf-8">
    <title>Customers</title>
    <link rel="stylesheet" type="text/css" href="/css/styles.css">
</head>

<body>
    <!-- Navigation bar -->

    <nav>
		<a class="active" href="https://localhost:3000/api/logout">Logout</a>
        <a class="active" href="https://localhost:3000/api/customers/addCustomerForm">Add New Customer</a>
		<a class="active" href="https://localhost:3000/api/loans">View Loans</a>
		<a class="active" href="https://localhost:3000/api/loans/addLoanForm">Add New Loan</a>
		<a class="active" href="https://localhost:3000/api/loansLedger">View Loans Ledger</a>
		<a class="active" href="https://localhost:3000/api/home">Home</a>
	</nav>

    <h1>Customers</h1>
    <table>
        <thead>
            <tr>
                <th>Customer ID</th>
                <th>Customer Name</th>
                <th>User Name</th>
                <th>Date of Birth</th>
                <th>Gender</th>
   
Response: 200 49.842 ms 

Request: GET /api/customers at Tue Apr 18 2023 19:12:03 GMT-0400, IP: ::1, User Agent: Mozilla/5.0 (Windows NT 10.0; Win64; x64) AppleWebKit/537.36 (KHTML, like Gecko) Chrome/112.0.0.0 Safari/537.36
Response Body:
<!DOCTYPE html>
<html>

<head>
    <meta charset="utf-8">
    <title>Customers</title>
    <link rel="stylesheet" href="https://cdnjs.cloudflare.com/ajax/libs/font-awesome/6.4.0/css/all.min.css">
    <link rel="stylesheet" type="text/css" href="/css/styles.css">
</head>

<body>
    <!-- Navigation bar -->

    <nav>
		<a class="active" href="https://localhost:3000/api/logout">Logout</a>
        <a class="active" href="https://localhost:3000/api/customers/addCustomerForm"><i class="fa-solid fa-user-plus"></i>Add New Customer</a>
		<a class="active" href="https://localhost:3000/api/loans"><i class="fa-solid fa-file-invoice-dollar"></i>View Loans</a>
		<a class="active" href="https://localhost:3000/api/loans/addLoanForm"><i class="fa-solid fa-hand-holding-dollar"></i>Add New Loan</a>
		<a class="active" href="https://localhost:3000/api/loansLedger"><i class="fa-solid fa-dollar-sign"></i>View Loans Ledger</a>
		<a class="active" href="https://localhost:3000/api/home"><i 
Response: 200 39.461 ms 

Request: GET /api/loansLedger at Tue Apr 18 2023 19:12:05 GMT-0400, IP: ::1, User Agent: Mozilla/5.0 (Windows NT 10.0; Win64; x64) AppleWebKit/537.36 (KHTML, like Gecko) Chrome/112.0.0.0 Safari/537.36
Response Body:
<!DOCTYPE html>
<html>

<head>
    <meta charset="utf-8">
    <title>Loan Ledger</title>
    <link rel="stylesheet" href="https://cdnjs.cloudflare.com/ajax/libs/font-awesome/6.4.0/css/all.min.css">
    <link rel="stylesheet" type="text/css" href="/css/styles.css">
</head>

<body>
    <!-- Navigation bar -->

	<nav>
		<a class="active" href="https://localhost:3000/api/logout"><i class="fa-solid fa-right-from-bracket"></i>Logout</a>
        <a class="active" href="https://localhost:3000/api/customers"><i class="fa-solid fa-users-viewfinder"></i>View Customers</a>
        <a class="active" href="https://localhost:3000/api/customers/addCustomerForm"><i class="fa-solid fa-user-plus"></i>Add New Customer</a>
		<a class="active" href="https://localhost:3000/api/loans"><i class="fa-solid fa-file-invoice-dollar"></i>View Loans</a>
		<a class="active" href="https://localhost:3000/api/loans/addLoanForm"><i class="fa-solid fa-hand-holding-dollar"></i>Add New Loan</a>
		<a class=
Response: 200 44.999 ms 

Request: GET /api/loans at Tue Apr 18 2023 19:12:07 GMT-0400, IP: ::1, User Agent: Mozilla/5.0 (Windows NT 10.0; Win64; x64) AppleWebKit/537.36 (KHTML, like Gecko) Chrome/112.0.0.0 Safari/537.36
Response Body:
<!DOCTYPE html>
<html>

<head>
    <meta charset="utf-8">
    <title>Customer Loans</title>
    <link rel="stylesheet" href="https://cdnjs.cloudflare.com/ajax/libs/font-awesome/6.4.0/css/all.min.css">
    <link rel="stylesheet" type="text/css" href="/css/styles.css">
</head>

<body>
    <!-- Navigation bar -->

	<nav>
		<a class="active" href="https://localhost:3000/api/logout"><i class="fa-solid fa-right-from-bracket"></i>Logout</a>
        <a class="active" href="https://localhost:3000/api/customers"><i class="fa-solid fa-users-viewfinder"></i>View Customers</a>
        <a class="active" href="https://localhost:3000/api/customers/addCustomerForm"><i class="fa-solid fa-user-plus"></i>Add New Customer</a>
		<a class="active" href="https://localhost:3000/api/loans/addLoanForm"><i class="fa-solid fa-hand-holding-dollar"></i>Add New Loan</a>
        <a class="active" href="https://localhost:3000/api/loansLedger"><i class="fa-solid fa-dollar-sign"></i>View Loans Ledger</a
Response: 200 44.216 ms 

Request: GET /api/customers at Tue Apr 18 2023 19:12:33 GMT-0400, IP: ::1, User Agent: Mozilla/5.0 (Windows NT 10.0; Win64; x64) AppleWebKit/537.36 (KHTML, like Gecko) Chrome/112.0.0.0 Safari/537.36
Response Body:
<!DOCTYPE html>
<html>

<head>
    <meta charset="utf-8">
    <title>Customers</title>
    <link rel="stylesheet" href="https://cdnjs.cloudflare.com/ajax/libs/font-awesome/6.4.0/css/all.min.css">
    <link rel="stylesheet" type="text/css" href="/css/styles.css">
</head>

<body>
    <!-- Navigation bar -->

    <nav>
		<a class="active" href="https://localhost:3000/api/logout">Logout</a>
        <a class="active" href="https://localhost:3000/api/customers/addCustomerForm"><i class="fa-solid fa-user-plus"></i>Add New Customer</a>
		<a class="active" href="https://localhost:3000/api/loans"><i class="fa-solid fa-file-invoice-dollar"></i>View Loans</a>
		<a class="active" href="https://localhost:3000/api/loans/addLoanForm"><i class="fa-solid fa-hand-holding-dollar"></i>Add New Loan</a>
		<a class="active" href="https://localhost:3000/api/loansLedger"><i class="fa-solid fa-dollar-sign"></i>View Loans Ledger</a>
		<a class="active" href="https://localhost:3000/api/home"><i 
Response: 200 49.950 ms 

Request: GET /api/loans at Tue Apr 18 2023 19:12:54 GMT-0400, IP: ::1, User Agent: Mozilla/5.0 (Windows NT 10.0; Win64; x64) AppleWebKit/537.36 (KHTML, like Gecko) Chrome/112.0.0.0 Safari/537.36
Response Body:
<!DOCTYPE html>
<html>

<head>
    <meta charset="utf-8">
    <title>Customer Loans</title>
    <link rel="stylesheet" href="https://cdnjs.cloudflare.com/ajax/libs/font-awesome/6.4.0/css/all.min.css">
    <link rel="stylesheet" type="text/css" href="/css/styles.css">
</head>

<body>
    <!-- Navigation bar -->

	<nav>
		<a class="active" href="https://localhost:3000/api/logout"><i class="fa-solid fa-right-from-bracket"></i>Logout</a>
        <a class="active" href="https://localhost:3000/api/customers"><i class="fa-solid fa-users-viewfinder"></i>View Customers</a>
        <a class="active" href="https://localhost:3000/api/customers/addCustomerForm"><i class="fa-solid fa-user-plus"></i>Add New Customer</a>
		<a class="active" href="https://localhost:3000/api/loans/addLoanForm"><i class="fa-solid fa-hand-holding-dollar"></i>Add New Loan</a>
        <a class="active" href="https://localhost:3000/api/loansLedger"><i class="fa-solid fa-dollar-sign"></i>View Loans Ledger</a
Response: 200 40.499 ms 

Request: GET /api/loansLedger at Tue Apr 18 2023 19:13:18 GMT-0400, IP: ::1, User Agent: Mozilla/5.0 (Windows NT 10.0; Win64; x64) AppleWebKit/537.36 (KHTML, like Gecko) Chrome/112.0.0.0 Safari/537.36
Response Body:
<!DOCTYPE html>
<html>

<head>
    <meta charset="utf-8">
    <title>Loan Ledger</title>
    <link rel="stylesheet" href="https://cdnjs.cloudflare.com/ajax/libs/font-awesome/6.4.0/css/all.min.css">
    <link rel="stylesheet" type="text/css" href="/css/styles.css">
</head>

<body>
    <!-- Navigation bar -->

	<nav>
		<a class="active" href="https://localhost:3000/api/logout"><i class="fa-solid fa-right-from-bracket"></i>Logout</a>
        <a class="active" href="https://localhost:3000/api/customers"><i class="fa-solid fa-users-viewfinder"></i>View Customers</a>
        <a class="active" href="https://localhost:3000/api/customers/addCustomerForm"><i class="fa-solid fa-user-plus"></i>Add New Customer</a>
		<a class="active" href="https://localhost:3000/api/loans"><i class="fa-solid fa-file-invoice-dollar"></i>View Loans</a>
		<a class="active" href="https://localhost:3000/api/loans/addLoanForm"><i class="fa-solid fa-hand-holding-dollar"></i>Add New Loan</a>
		<a class=
Response: 200 39.245 ms 

Request: GET /api/customers/addCustomerForm at Tue Apr 18 2023 19:13:41 GMT-0400, IP: ::1, User Agent: Mozilla/5.0 (Windows NT 10.0; Win64; x64) AppleWebKit/537.36 (KHTML, like Gecko) Chrome/112.0.0.0 Safari/537.36
Response Body:
<!DOCTYPE html>
<html>

<head>
	<meta charset="UTF-8">
	<meta name="viewport" content="width=device-width, initial-scale=1.0">
	<meta http-equiv="X-UA-Compatible" content="ie=edge">
	<link rel="stylesheet" href="https://cdnjs.cloudflare.com/ajax/libs/font-awesome/6.4.0/css/all.min.css">
	<link rel="stylesheet" type="text/css" href="/css/styles.css">
	<title>Customer Information Form</title>
</head>

<body>

	<!-- Navigation bar -->

	<nav>
		<a class="active" href="https://localhost:3000/api/logout"><i class="fa-solid fa-right-from-bracket"></i>Logout</a>
		<a class="active" href="https://localhost:3000/api/customers"><i class="fa-solid fa-users-viewfinder"></i>View Customers</a>
		<a class="active" href="https://localhost:3000/api/loans"><i class="fa-solid fa-file-invoice-dollar"></i>View Loans</a>
		<a class="active" href="https://localhost:3000/api/loans/addLoanForm"><i class="fa-solid fa-hand-holding-dollar"></i>Add New Loan</a>
		<a class="active" href="https:
Response: 200 3.314 ms 

Request: GET /api/loans/addLoanForm at Tue Apr 18 2023 19:14:06 GMT-0400, IP: ::1, User Agent: Mozilla/5.0 (Windows NT 10.0; Win64; x64) AppleWebKit/537.36 (KHTML, like Gecko) Chrome/112.0.0.0 Safari/537.36
Response Body:
<!DOCTYPE html>
<html>

<head>
	<meta charset="UTF-8">
	<meta name="viewport" content="width=device-width, initial-scale=1.0">
	<meta http-equiv="X-UA-Compatible" content="ie=edge">
	<link rel="stylesheet" href="https://cdnjs.cloudflare.com/ajax/libs/font-awesome/6.4.0/css/all.min.css">
	<link rel="stylesheet" type="text/css" href="/css/styles.css">
	<title>Loan Information Form</title>
</head>

<body>
	<!-- Navigation bar -->

	<nav>
		<a class="active" href="https://localhost:3000/api/logout"><i class="fa-solid fa-right-from-bracket"></i>Logout</a>
		<a class="active" href="https://localhost:3000/api/customers/addCustomerForm"><i class="fa-solid fa-user-plus"></i>Add New Customer</a>
		<a class="active" href="https://localhost:3000/api/customers"><i class="fa-solid fa-users-viewfinder"></i>View Customers</a>
		<a class="active" href="https://localhost:3000/api/loans"><i class="fa-solid fa-file-invoice-dollar"></i>View Loans</a>
		<a class="active" href="https://lo
Response: 200 2.644 ms 
