
Request: GET /api/loans/addLoanForm at Wed Apr 19 2023 08:47:58 GMT-0400, IP: ::1, User Agent: Mozilla/5.0 (Windows NT 10.0; Win64; x64) AppleWebKit/537.36 (KHTML, like Gecko) Chrome/112.0.0.0 Safari/537.36
Response Body:
<!DOCTYPE html>
<html>

<head>
	<meta charset="UTF-8">
	<meta name="viewport" content="width=device-width, initial-scale=1.0">
	<meta http-equiv="X-UA-Compatible" content="ie=edge">
	<link rel="stylesheet" href="https://cdnjs.cloudflare.com/ajax/libs/font-awesome/6.4.0/css/all.min.css">
	<link rel="stylesheet" type="text/css" href="/css/styles.css">
	<title>Loan Information Form</title>
</head>

<body>
	<!-- Navigation bar -->

	<nav>
		<a class="active" href="https://localhost:3000/api/logout"><i class="fa-solid fa-right-from-bracket"></i>Logout</a>
		<a class="active" href="https://localhost:3000/api/customers/addCustomerForm"><i class="fa-solid fa-user-plus"></i>Add New Customer</a>
		<a class="active" href="https://localhost:3000/api/customers"><i class="fa-solid fa-users-viewfinder"></i>View Customers</a>
		<a class="active" href="https://localhost:3000/api/loans"><i class="fa-solid fa-file-invoice-dollar"></i>View Loans</a>
		<a class="active" href="https://lo
Response: 200 6.887 ms 

Request: GET /favicon.ico at Wed Apr 19 2023 08:47:58 GMT-0400, IP: ::1, User Agent: Mozilla/5.0 (Windows NT 10.0; Win64; x64) AppleWebKit/537.36 (KHTML, like Gecko) Chrome/112.0.0.0 Safari/537.36
Response: 404 0.907 ms 
