
Request: GET /api/home at Sun Apr 23 2023 11:16:28 GMT-0400, IP: ::1, User Agent: Mozilla/5.0 (Windows NT 10.0; Win64; x64) AppleWebKit/537.36 (KHTML, like Gecko) Chrome/112.0.0.0 Safari/537.36
Response Body:
<!DOCTYPE html>
<html lang="en">

<head>
    <meta charset="UTF-8">
    <meta name="viewport" content="width=device-width, initial-scale=1.0">
    <meta http-equiv="X-UA-Compatible" content="ie=edge">
    <link rel="stylesheet" href="https://cdnjs.cloudflare.com/ajax/libs/font-awesome/6.4.0/css/all.min.css">
    <link rel="stylesheet" type="text/css" href="/css/styles.css">
    <title>Home Page</title>
</head>

<body>

    <!-- Navigation bar -->
    <nav>
        <a class="active" href="loginForm"><i class="fa-solid fa-sign-in"></i>Login</a>
        <a class="active" href="signupForm"><i class="fa-solid fa-pen-to-square"></i>Sign Up</a>
        <a class="active" href="about"><i class="fa-solid fa-file-pen"></i>About</a>
        <a class="active" href="home"><i class="fa-solid fa-house"></i>Home</a>
    </nav>

    <h1>Welcome to vpgajula first website!</h1>
    
    <main>
        <div>
            <p>Node.js is a powerful and popular server-side JavaScript r
Response: 200 11.013 ms 
